 *******************************************************************************
 *                                                                             *
 * CCCCC FFFFF DDDD     AAA  CCCCC EEEEE   SSSS  OOO  L   V       V EEEEE RRR  *
 * C     F     D   D   A   A C     E       S    O   O L    V     V  E     R  R *
 * C     FFFF  D   D = AAAAA C     EEEE  = SSSS O   O L     V   V   EEEE  RRR  *
 * C     F     D   D   A   A C     E          S O   O L      V V    E     R R  *
 * CCCCC F     DDDD    A   A CCCCC EEEEE   SSSS  OOO  LLLLL   V     EEEEE R  R *
 *                                                                             *
 *       Version          : 2023.00.06.063                                     *
 *       Build Date       : 01/17/2023 16:45:26                                *
 *       Build OS         : Windows                                            *
 *       Build OS Release : 10                                                 *
 *       Build OS Version : 10.0.17763                                         *
 *       Build Machine    : HUNVSE060                                          *
 *                                                                             *
 *      Copyright(C) 1994-2022 Applied Materials. All Rights Reserved.              *
 *                                                                             *
 *******************************************************************************
 
 
  ===============================================================
     CFD-ACE-SOLVER Run Platform Information :
  ===============================================================
     Run Date           : 07/18/2025 09:41:11
     Run OS             :
     Run OS Release     :
     Run OS Version     :
     Run Machine        : PC-GAREL
  ===============================================================
  ===============================================================
 
    This simulation is running in double precision serial mode
 
  =====================================
    Summary of Input Information
  =====================================
    Problem has been set up using : CFD-ACE-GUI
  ================
    Model Options
  ================
    Shared
    -------
    Model Name        : Tube_simple_AlN_growth
    Modules           : FLOW HEAT SPECIES_SOLUTION
    DTF File Name     : Tube_simple_AlN_growth.DTF
    Simulation Number = 1
    Diagnostic        : OFF
    Geometry          : Two Dimensional Axisymmetric
    Iterations        =       100000
    Time Dependence   : Steady
    Output Controls
      Output Start    =            0
      Output End      =     10000000
      Output Interval =       100000
 
  =======================================
    Summary of 2D Axisymmetric Grid Data
  =======================================
    Total No. of nodes       =      39700
    No. of line faces        =      78903
    Total No. of faces       =      78903
    No. of quad cells        =      39204
    Total No. of cells       =      39204
 
   ====================================================================
  |                         Summary of Properties                      |
   ====================================================================
  |   Key No.   |  Zone No.  |  VC Name  |  Mat. Type  | No. of Cells  |
   --------------------------------------------------------------------
  |          67 |      1     | NoName    |    Fluid    |     39204     |
   --------------------------------------------------------------------
         | Property Name | Evaluation Method |    Value     |
   ====================================================================
         |       Density |   Gas_Law         |     -        |
         |     Viscosity |   Mix_Kin_Theo    |     -        |
         |      Conduct. |   Kinetic Theory  |     -        |
         |      Sp. Heat |   Jannaf          |     -        |
         |     Diffusion | Kinetic Theory    |     -        |
   ====================================================================
 
   ====================================
    Summary of Multi-Component Species
   ====================================
 
   The following Chemical Components have been defined:
 
 ----------------------------------------------------------------- -----------------------------------
 Species Name      Mol Wt.      A_VIS       B_VIS       Coll. Dia.   Energy      Acc. Coeff   Heat Acc
 -----------------------------------------------------------------------------------------------------
 
  ALCL3              1.333E+02   1.405E-06   1.115E+02   5.127E+00   4.720E+02   9.317E-01   9.317E-01
  NH3                1.703E+01   1.405E-06   1.115E+02   2.900E+00   5.583E+02   9.317E-01   9.317E-01
  ALCL2NH2           1.139E+02   0.000E+00   0.000E+00   5.127E+00   4.720E+02   9.614E-01   9.614E-01
  HCL                3.646E+01   1.405E-06   1.115E+02   3.339E+00   3.447E+02   9.317E-01   9.317E-01
  H                  1.008E+00   6.890E-07   9.669E+01   2.708E+00   3.700E+01   9.317E-01   9.317E-01
  CL                 3.545E+01   1.405E-06   1.115E+02   3.613E+00   1.308E+02   9.317E-01   9.317E-01
  CL2                7.091E+01   1.405E-06   1.115E+02   4.217E+00   3.160E+02   9.317E-01   9.317E-01
  H2                 2.016E+00   6.890E-07   9.669E+01   2.827E+00   5.970E+01   9.317E-01   9.317E-01
  ALN(B)             4.099E+01   0.000E+00   0.000E+00   0.000E+00   0.000E+00   0.000E+00   9.317E-01
  AL(S)              2.698E+01   0.000E+00   0.000E+00   0.000E+00   0.000E+00   0.000E+00   9.317E-01
  N(S)               1.401E+01   0.000E+00   0.000E+00   0.000E+00   0.000E+00   0.000E+00   9.317E-01
 -----------------------------------------------------------------------------------------------------
 
  Error in get_chem2_species_index :
  Unable to get species index for :
  Species index is not found
  Using default efficiency as 1.0 for :
  Error in get_chem2_species_index :
  Unable to get species index for :
  Species index is not found
  Using default exponent as 1.0 for :
  Error in get_chem2_species_index :
  Unable to get species index for :
  Species index is not found
  Using default efficiency as 1.0 for :
  Error in get_chem2_species_index :
  Unable to get species index for :
  Species index is not found
  Using default exponent as 1.0 for :
 
   =================================
    Summary of Multi-Step Reactions
   =================================
 
   Units : Kmol-m-s-K (or eV);  R_Heat (reaction heat) calculated at 298 K
 
   Kinetics Algorithm : Non-Stiff
 
   No. of chemical reaction mechanisms :  1
 
   Info for mechanism no.:  1
 
   Reaction Name : AlN_volume_BOICHOT_ICMCTF
   Reaction Type : General Rate
   No. of reaction steps:   7
 
   ------------------------------------------------------------------------------
 
     1 : ALCL3 + NH3 <-> ALCL2NH2 + HCL              R_Heat = 6.2003E+07 (J/kmol)
         Rate_f :  0.421000E+09 * T **     0.000 * Exp(-0.42E+04/T) * [ALCL3]*[NH3]
         Rate_r : by Equilibrium
 
     2 : H + CL + M <-> HCL + M                      R_Heat =-4.3158E+08 (J/kmol)
         Rate_f :  0.720000E+16 * T **    -2.000 * Exp( 0.00E+00/T) * [H]*[CL][M]
         Rate_r :  0.790000E+23 * T **    -3.000 * Exp(-0.54E+05/T) * [HCL][M]
 
     3 : 2.0 CL + M <-> CL2 + M                      R_Heat =-2.4259E+08 (J/kmol)
         Rate_f :  0.200000E+09 * T **     0.000 * Exp( 0.90E+03/T) * [CL]**2.000[M]
         Rate_r : by Equilibrium
 
     4 : HCL + H <-> CL + H2                         R_Heat =-4.3528E+06 (J/kmol)
         Rate_f :  0.169000E+11 * T **     0.000 * Exp(-0.21E+04/T) * [HCL]*[H]
         Rate_r :  0.295000E+11 * T **     0.000 * Exp(-0.26E+04/T) * [CL]*[H2]
 
     5 : H + CL2 <-> HCL + CL                        R_Heat =-1.8900E+08 (J/kmol)
         Rate_f :  0.860000E+11 * T **     0.000 * Exp(-0.59E+03/T) * [H]*[CL2]
         Rate_r : by Equilibrium
 
     6 : 2.0 H + H2 <-> 2.0 H2                       R_Heat =-4.3593E+08 (J/kmol)
         Rate_f :  0.970000E+14 * T **    -0.600 * Exp( 0.00E+00/T) * [H]*[H2]
         Rate_r :  0.880000E+15 * T **     0.000 * Exp(-0.48E+05/T) * [H2]
 
     7 : H2 + M <-> 2.0 H + M                        R_Heat = 4.3593E+08 (J/kmol)
         Rate_f :  0.220000E+12 * T **     0.000 * Exp(-0.48E+05/T) * [H2][M]
         Rate_r :  0.653000E+15 * T **    -1.000 * Exp( 0.00E+00/T) * [H][M]
        [M] =  0.00[H2] + 1.0[rest]
 
   =====================================================================================
 
 
   ==============================
    Summary of Surface Reactions
   ==============================
 
   No. of surface reaction mechanisms :  1
 
   Info for mechanism : AlN_surface_BOICHOT_ICMCTF
 
   No. of reaction steps:   4
 
   -----------------------------------------------------
   -----------------------------------------------------
   No. of Surface Sites :     1
   -----------------------------------------------------
   Site No.   Site Density    No. of Species
      1       1.320000E-08          2
   -----------------------------------------------------
     Site Species
        1     AL(S)
        2     N(S)
   -----------------------------------------------------
 
 
   Info for Reaction Step:   1
   Reaction Type : General Rate
 
   NH3 +AL(S) --->H +H2 +N(S)
 
 Warning: Mass balance not satisfied in the above  surface reaction
  Total mass of reactants =    44.0120982000000
  Total mass of products =    17.0305600000000
 
 One or more steps in the above reaction mechanism do not
 conserve mass. This is not strictly required for surface
 reactions but you should be certain that the lack of mass
 conservation is intentional and not the result of input error.
   No Transferred Specie defined in this step
 
   Forward rate :
 
     Pre-exponential factor   :       6.680000E+08
     Temperature exponent     :       5.000000E-01
     Activation Temperature   :       8.654000E+03
     Concentration Exponents  :       [NH3]*[AL(S)]
 
 
   Reverse rate :
     Step is irreversible
   -----------------------------------------------------
 
   Info for Reaction Step:   2
   Reaction Type : General Rate
 
   ALCL3 +N(S) --->CL +CL2 +ALN(B) +AL(S)
 
 Warning: Mass balance not satisfied in the above  surface reaction
  Total mass of reactants =    147.346648200000
  Total mass of products =    174.328186400000
 
 One or more steps in the above reaction mechanism do not
 conserve mass. This is not strictly required for surface
 reactions but you should be certain that the lack of mass
 conservation is intentional and not the result of input error.
   Transferred Species Name: ALN(B)
   Transferred Species Density:       3.260000E+03
 
   Forward rate :
 
     Pre-exponential factor   :       2.385000E+08
     Temperature exponent     :       5.000000E-01
     Activation Temperature   :       7.700000E+03
     Concentration Exponents  :       [ALCL3]*[N(S)]
 
 
   Reverse rate :
     Step is irreversible
   -----------------------------------------------------
 
   Info for Reaction Step:   3
   Reaction Type : General Rate
 
   ALCL2NH2 +AL(S) ---> 2.0 HCL +ALN(B) +AL(S)
 
   Transferred Species Name: ALN(B)
   Transferred Species Density:       3.260000E+03
 
   Forward rate :
 
     Pre-exponential factor   :       2.580000E+08
     Temperature exponent     :       5.000000E-01
     Activation Temperature   :       5.100000E+03
     Concentration Exponents  :       [ALCL2NH2]*[AL(S)]
 
 
   Reverse rate :
     Step is irreversible
   -----------------------------------------------------
 
   Info for Reaction Step:   4
   Reaction Type : General Rate
 
   ALCL2NH2 +N(S) ---> 2.0 HCL +ALN(B) +N(S)
 
   Transferred Species Name: ALN(B)
   Transferred Species Density:       3.260000E+03
 
   Forward rate :
 
     Pre-exponential factor   :       2.580000E+08
     Temperature exponent     :       5.000000E-01
     Activation Temperature   :       5.100000E+03
     Concentration Exponents  :       [ALCL2NH2]*[N(S)]
 
 
   Reverse rate :
     Step is irreversible
   -----------------------------------------------------
   =====================================================================================
 
   [Chemistry] : Volume  reaction rate computations start at iteration =            1
 
   [Chemistry] : Surface reaction rate computations start at iteration =            1
 
 
   =============================================================================
  |                       Summary of Solver Control Parameters                  |
   =============================================================================
  | Prop. |  Diff.  |        Solver        |    Relaxation    |      Limits     |
   -----------------------------------------------------------------------------
  |       |         |  Name  |Sweep|Criter.| Inertial| Linear |  Min.  |  Max.  |
   =============================================================================
  |     U |Upwind   | CGS+Pre|   50|1.0E-04|  2.0E-01|   -    |-1.0E+20| 1.0E+20|
  |     V |Upwind   | CGS+Pre|   50|1.0E-04|  2.0E-01|   -    |-1.0E+20| 1.0E+20|
  |P-Corr |    -    | AMG    |   50|1.0E-01|  2.0E-01|   -    |   -    |    -   |
  |     P |    -    |    -   |  -  |   -   |   -     | 1.0E+00|-1.0E+20| 1.0E+20|
  |   Rho |    -    |    -   |  -  |   -   |   -     | 1.0E+00| 1.0E-06| 1.0E+20|
  |    Mu |    -    |    -   |  -  |   -   |   -     | 1.0E+00| 1.0E-10| 1.0E+02|
  |    H0 |Upwind   | CGS+Pre|   50|1.0E-04|  5.0E-02|   -    |-1.0E+20| 1.0E+20|
  |     T |    -    |    -   |  -  |   -   |   -     | 1.0E+00| 1.0E-10| 5.0E+03|
  |Specie |Upwind   | CGS+Pre|   50|1.0E-04|  5.0E-02|   -    | 0.0E+00| 1.0E+00|
  |Specie |Upwind   | CGS+Pre|   50|1.0E-04|  5.0E-02|   -    | 0.0E+00| 1.0E+00|
   =============================================================================
 
 
   =====================================
   Summary of Geometry Data
   =====================================
 
   Smallest Volume   :   3.220657E-10
 
   Largest  Volume   :   6.344694E-08
 
   Smallest Angle    :   8.999974E+01 in zone  0 at face =         1
 
   Location of face number         1 is x =   1.0000E+00 y =   3.3670E-04 z =   0.0000E+00
 
   =============================
   Start of Iterative Cycle.....
   =============================
 
  Save and Stop Signal Received from User
 
         Final Time   Elapsed CPU Time=  1.697600E+01 Delta-time=  1.697600E+01
 
         Final Time   Elapsed Wall Clock=  1.697421E+01 Delta-Wall Clock=  1.697421E+01
 
  Normal Termination
